<?xml version="1.0" encoding="UTF-8"?>
<!-- Generated by org.testng.reporters.JUnitXMLReporter -->
<testsuite ignored="0" hostname="vivobook-asuslaptop-x512flc-x512fl" failures="0" tests="11" name="Surefire test" time="130.753" errors="0" timestamp="2023-09-04T18:22:52 IST">
  <testcase classname="com.apollo2.atlaseditor.sanitytesting" name="login" time="23.072"/>
  <testcase classname="com.apollo2.atlaseditor.sanitytesting" name="sectionselect" time="9.746"/>
  <testcase classname="com.apollo2.atlaseditor.sanitytesting" name="atlaseditor" time="5.061"/>
  <testcase classname="com.apollo2.atlaseditor.sanitytesting" name="oldmenu" time="3.877"/>
  <testcase classname="com.apollo2.atlaseditor.sanitytesting" name="contributor" time="6.159"/>
  <testcase classname="com.apollo2.atlaseditor.sanitytesting" name="draw" time="3.057"/>
  <testcase classname="com.apollo2.atlaseditor.sanitytesting" name="annotation" time="15.981"/>
  <testcase classname="com.apollo2.atlaseditor.sanitytesting" name="save" time="2.667"/>
  <testcase classname="com.apollo2.atlaseditor.sanitytesting" name="back" time="6.642"/>
  <testcase classname="com.apollo2.atlaseditor.sanitytesting" name="retrive" time="28.696"/>
  <testcase classname="com.apollo2.atlaseditor.sanitytesting" name="delete" time="24.531"/>
</testsuite> <!-- Surefire test -->
