<?xml version="1.0" encoding="UTF-8"?>
<!-- Generated by org.testng.reporters.JUnitXMLReporter -->
<testsuite ignored="0" hostname="vivobook-asuslaptop-x512flc-x512fl" failures="0" tests="11" name="Default test" time="143.811" errors="0" timestamp="2023-09-04T18:12:38 IST">
  <testcase classname="com.apollo2.atlaseditor.sanitytesting" name="login" time="23.198"/>
  <testcase classname="com.apollo2.atlaseditor.sanitytesting" name="sectionselect" time="10.433"/>
  <testcase classname="com.apollo2.atlaseditor.sanitytesting" name="atlaseditor" time="5.075"/>
  <testcase classname="com.apollo2.atlaseditor.sanitytesting" name="oldmenu" time="3.933"/>
  <testcase classname="com.apollo2.atlaseditor.sanitytesting" name="contributor" time="6.147"/>
  <testcase classname="com.apollo2.atlaseditor.sanitytesting" name="draw" time="3.825"/>
  <testcase classname="com.apollo2.atlaseditor.sanitytesting" name="annotation" time="20.997"/>
  <testcase classname="com.apollo2.atlaseditor.sanitytesting" name="save" time="6.01"/>
  <testcase classname="com.apollo2.atlaseditor.sanitytesting" name="back" time="9.56"/>
  <testcase classname="com.apollo2.atlaseditor.sanitytesting" name="retrive" time="29.522"/>
  <testcase classname="com.apollo2.atlaseditor.sanitytesting" name="delete" time="24.036"/>
</testsuite> <!-- Default test -->
