<?xml version="1.0" encoding="UTF-8"?>
<!-- Generated by org.testng.reporters.JUnitXMLReporter -->
<testsuite ignored="0" hostname="vivobook-asuslaptop-x512flc-x512fl" failures="0" tests="11" name="Default test" time="143.744" errors="0" timestamp="2023-10-12T14:48:55 IST">
  <testcase classname="com.apollo2.atlaseditor.sanitytesting" name="login" time="23.4"/>
  <testcase classname="com.apollo2.atlaseditor.sanitytesting" name="sectionselect" time="10.675"/>
  <testcase classname="com.apollo2.atlaseditor.sanitytesting" name="atlaseditor" time="5.063"/>
  <testcase classname="com.apollo2.atlaseditor.sanitytesting" name="oldmenu" time="3.095"/>
  <testcase classname="com.apollo2.atlaseditor.sanitytesting" name="contributor" time="6.922"/>
  <testcase classname="com.apollo2.atlaseditor.sanitytesting" name="draw" time="3.052"/>
  <testcase classname="com.apollo2.atlaseditor.sanitytesting" name="annotation" time="17.954"/>
  <testcase classname="com.apollo2.atlaseditor.sanitytesting" name="save" time="2.965"/>
  <testcase classname="com.apollo2.atlaseditor.sanitytesting" name="back" time="7.977"/>
  <testcase classname="com.apollo2.atlaseditor.sanitytesting" name="retrive" time="34.112"/>
  <testcase classname="com.apollo2.atlaseditor.sanitytesting" name="delete" time="25.046"/>
</testsuite> <!-- Default test -->
