<?xml version="1.0" encoding="UTF-8"?>
<testng-results ignored="0" total="11" passed="11" failed="0" skipped="0">
  <reporter-output>
  </reporter-output>
  <suite started-at="2023-09-04T18:10:15 IST" name="Default suite" finished-at="2023-09-04T18:12:38 IST" duration-ms="143811">
    <groups>
    </groups>
    <test started-at="2023-09-04T18:10:15 IST" name="Default test" finished-at="2023-09-04T18:12:38 IST" duration-ms="143811">
      <class name="com.apollo2.atlaseditor.sanitytesting">
        <test-method is-config="true" signature="setup()[pri:0, instance:com.apollo2.atlaseditor.sanitytesting@53fdffa1]" started-at="2023-09-04T18:10:15 IST" name="setup" finished-at="2023-09-04T18:10:15 IST" duration-ms="864" status="PASS">
          <reporter-output>
          </reporter-output>
        </test-method> <!-- setup -->
        <test-method signature="login()[pri:1, instance:com.apollo2.atlaseditor.sanitytesting@53fdffa1]" started-at="2023-09-04T18:10:15 IST" name="login" finished-at="2023-09-04T18:10:39 IST" duration-ms="23198" status="PASS">
          <reporter-output>
          </reporter-output>
        </test-method> <!-- login -->
        <test-method signature="sectionselect()[pri:2, instance:com.apollo2.atlaseditor.sanitytesting@53fdffa1]" started-at="2023-09-04T18:10:39 IST" name="sectionselect" finished-at="2023-09-04T18:10:49 IST" duration-ms="10433" status="PASS">
          <reporter-output>
          </reporter-output>
        </test-method> <!-- sectionselect -->
        <test-method signature="atlaseditor()[pri:3, instance:com.apollo2.atlaseditor.sanitytesting@53fdffa1]" started-at="2023-09-04T18:10:49 IST" name="atlaseditor" finished-at="2023-09-04T18:10:54 IST" duration-ms="5075" status="PASS">
          <reporter-output>
          </reporter-output>
        </test-method> <!-- atlaseditor -->
        <test-method signature="oldmenu()[pri:4, instance:com.apollo2.atlaseditor.sanitytesting@53fdffa1]" started-at="2023-09-04T18:10:54 IST" name="oldmenu" finished-at="2023-09-04T18:10:58 IST" duration-ms="3933" status="PASS">
          <reporter-output>
          </reporter-output>
        </test-method> <!-- oldmenu -->
        <test-method signature="contributor()[pri:5, instance:com.apollo2.atlaseditor.sanitytesting@53fdffa1]" started-at="2023-09-04T18:10:58 IST" name="contributor" finished-at="2023-09-04T18:11:04 IST" duration-ms="6147" status="PASS">
          <reporter-output>
          </reporter-output>
        </test-method> <!-- contributor -->
        <test-method signature="draw()[pri:6, instance:com.apollo2.atlaseditor.sanitytesting@53fdffa1]" started-at="2023-09-04T18:11:04 IST" name="draw" finished-at="2023-09-04T18:11:08 IST" duration-ms="3825" status="PASS">
          <reporter-output>
          </reporter-output>
        </test-method> <!-- draw -->
        <test-method signature="annotation()[pri:7, instance:com.apollo2.atlaseditor.sanitytesting@53fdffa1]" started-at="2023-09-04T18:11:08 IST" name="annotation" finished-at="2023-09-04T18:11:29 IST" duration-ms="20997" status="PASS">
          <reporter-output>
          </reporter-output>
        </test-method> <!-- annotation -->
        <test-method signature="save()[pri:9, instance:com.apollo2.atlaseditor.sanitytesting@53fdffa1]" started-at="2023-09-04T18:11:29 IST" name="save" finished-at="2023-09-04T18:11:35 IST" duration-ms="6010" status="PASS">
          <reporter-output>
          </reporter-output>
        </test-method> <!-- save -->
        <test-method signature="back()[pri:10, instance:com.apollo2.atlaseditor.sanitytesting@53fdffa1]" started-at="2023-09-04T18:11:35 IST" name="back" finished-at="2023-09-04T18:11:45 IST" duration-ms="9560" status="PASS">
          <reporter-output>
          </reporter-output>
        </test-method> <!-- back -->
        <test-method signature="retrive()[pri:11, instance:com.apollo2.atlaseditor.sanitytesting@53fdffa1]" started-at="2023-09-04T18:11:45 IST" name="retrive" finished-at="2023-09-04T18:12:14 IST" duration-ms="29522" status="PASS">
          <reporter-output>
          </reporter-output>
        </test-method> <!-- retrive -->
        <test-method signature="delete()[pri:12, instance:com.apollo2.atlaseditor.sanitytesting@53fdffa1]" started-at="2023-09-04T18:12:14 IST" name="delete" finished-at="2023-09-04T18:12:38 IST" duration-ms="24036" status="PASS">
          <reporter-output>
          </reporter-output>
        </test-method> <!-- delete -->
        <test-method is-config="true" signature="close()[pri:0, instance:com.apollo2.atlaseditor.sanitytesting@53fdffa1]" started-at="2023-09-04T18:12:38 IST" name="close" finished-at="2023-09-04T18:12:38 IST" duration-ms="126" status="PASS">
          <reporter-output>
          </reporter-output>
        </test-method> <!-- close -->
      </class> <!-- com.apollo2.atlaseditor.sanitytesting -->
    </test> <!-- Default test -->
  </suite> <!-- Default suite -->
</testng-results>
